[    0.000000] Initializing cgroup subsys cpuset
[    0.000000] Initializing cgroup subsys cpu
[    0.000000] Initializing cgroup subsys cpuacct
[    0.000000] Linux version 4.4.0-165-generic (buildd@lgw01-amd64-027) (gcc version 5.4.0 20160609 (Ubuntu 5.4.0-6ubuntu1~16.04.10) ) #193-Ubuntu SMP Tue Sep 17 17:42:52 UTC 2019 (Ubuntu 4.4.0-165.193-generic 4.4.189)
[    0.000000] Command line: BOOT_IMAGE=/boot/vmlinuz-4.4.0-165-generic root=LABEL=cloudimg-rootfs ro console=tty1 console=ttyS0
[    0.000000] KERNEL supported cpus:
[    0.000000]   Intel GenuineIntel
[    0.000000]   AMD AuthenticAMD
[    0.000000]   Centaur CentaurHauls
[    0.000000] x86/fpu: xstate_offset[2]:  576, xstate_sizes[2]:  256
[    0.000000] x86/fpu: Supporting XSAVE feature 0x01: 'x87 floating point registers'
[    0.000000] x86/fpu: Supporting XSAVE feature 0x02: 'SSE registers'
[    0.000000] x86/fpu: Supporting XSAVE feature 0x04: 'AVX registers'
[    0.000000] x86/fpu: Enabled xstate features 0x7, context size is 832 bytes, using 'standard' format.
[    0.000000] e820: BIOS-provided physical RAM map:
[    0.000000] BIOS-e820: [mem 0x0000000000000000-0x000000000009fbff] usable
[    0.000000] BIOS-e820: [mem 0x000000000009fc00-0x000000000009ffff] reserved
[    0.000000] BIOS-e820: [mem 0x00000000000f0000-0x00000000000fffff] reserved
[    0.000000] BIOS-e820: [mem 0x0000000000100000-0x000000003ffeffff] usable
[    0.000000] BIOS-e820: [mem 0x000000003fff0000-0x000000003fffffff] ACPI data
[    0.000000] BIOS-e820: [mem 0x00000000fec00000-0x00000000fec00fff] reserved
[    0.000000] BIOS-e820: [mem 0x00000000fee00000-0x00000000fee00fff] reserved
[    0.000000] BIOS-e820: [mem 0x00000000fffc0000-0x00000000ffffffff] reserved
[    0.000000] NX (Execute Disable) protection: active
[    0.000000] SMBIOS 2.5 present.
[    0.000000] Hypervisor detected: KVM
[    0.000000] e820: last_pfn = 0x3fff0 max_arch_pfn = 0x400000000
[    0.000000] MTRR: Disabled
[    0.000000] x86/PAT: MTRRs disabled, skipping PAT initialization too.
[    0.000000] CPU MTRRs all blank - virtualized system.
[    0.000000] x86/PAT: Configuration [0-7]: WB  WT  UC- UC  WB  WT  UC- UC  
[    0.000000] found SMP MP-table at [mem 0x0009fff0-0x0009ffff] mapped at [ffff88000009fff0]
[    0.000000] Scanning 1 areas for low memory corruption
[    0.000000] RAMDISK: [mem 0x362f6000-0x37172fff]
[    0.000000] ACPI: Early table checksum verification disabled
[    0.000000] ACPI: RSDP 0x00000000000E0000 000024 (v02 VBOX  )
[    0.000000] ACPI: XSDT 0x000000003FFF0030 00003C (v01 VBOX   VBOXXSDT 00000001 ASL  00000061)
[    0.000000] ACPI: FACP 0x000000003FFF00F0 0000F4 (v04 VBOX   VBOXFACP 00000001 ASL  00000061)
[    0.000000] ACPI: DSDT 0x000000003FFF0470 0022EA (v02 VBOX   VBOXBIOS 00000002 INTL 20100528)
[    0.000000] ACPI: FACS 0x000000003FFF0200 000040
[    0.000000] ACPI: FACS 0x000000003FFF0200 000040
[    0.000000] ACPI: APIC 0x000000003FFF0240 00005C (v02 VBOX   VBOXAPIC 00000001 ASL  00000061)
[    0.000000] ACPI: SSDT 0x000000003FFF02A0 0001CC (v01 VBOX   VBOXCPUT 00000002 INTL 20100528)
[    0.000000] No NUMA configuration found
[    0.000000] Faking a node at [mem 0x0000000000000000-0x000000003ffeffff]
[    0.000000] NODE_DATA(0) allocated [mem 0x3ffeb000-0x3ffeffff]
[    0.000000] kvm-clock: Using msrs 4b564d01 and 4b564d00
[    0.000000] kvm-clock: cpu 0, msr 0:3ffe3001, primary cpu clock
[    0.000000] kvm-clock: using sched offset of 11098256621 cycles
[    0.000000] clocksource: kvm-clock: mask: 0xffffffffffffffff max_cycles: 0x1cd42e4dffb, max_idle_ns: 881590591483 ns
[    0.000000] Zone ranges:
[    0.000000]   DMA      [mem 0x0000000000001000-0x0000000000ffffff]
[    0.000000]   DMA32    [mem 0x0000000001000000-0x000000003ffeffff]
[    0.000000]   Normal   empty
[    0.000000]   Device   empty
[    0.000000] Movable zone start for each node
[    0.000000] Early memory node ranges
[    0.000000]   node   0: [mem 0x0000000000001000-0x000000000009efff]
[    0.000000]   node   0: [mem 0x0000000000100000-0x000000003ffeffff]
[    0.000000] Initmem setup node 0 [mem 0x0000000000001000-0x000000003ffeffff]
[    0.000000] ACPI: PM-Timer IO Port: 0x4008
[    0.000000] IOAPIC[0]: apic_id 2, version 32, address 0xfec00000, GSI 0-23
[    0.000000] ACPI: INT_SRC_OVR (bus 0 bus_irq 0 global_irq 2 dfl dfl)
[    0.000000] ACPI: INT_SRC_OVR (bus 0 bus_irq 9 global_irq 9 low level)
[    0.000000] Using ACPI (MADT) for SMP configuration information
[    0.000000] smpboot: Allowing 2 CPUs, 0 hotplug CPUs
[    0.000000] PM: Registered nosave memory: [mem 0x00000000-0x00000fff]
[    0.000000] PM: Registered nosave memory: [mem 0x0009f000-0x0009ffff]
[    0.000000] PM: Registered nosave memory: [mem 0x000a0000-0x000effff]
[    0.000000] PM: Registered nosave memory: [mem 0x000f0000-0x000fffff]
[    0.000000] e820: [mem 0x40000000-0xfebfffff] available for PCI devices
[    0.000000] Booting paravirtualized kernel on KVM
[    0.000000] clocksource: refined-jiffies: mask: 0xffffffff max_cycles: 0xffffffff, max_idle_ns: 7645519600211568 ns
[    0.000000] setup_percpu: NR_CPUS:512 nr_cpumask_bits:512 nr_cpu_ids:2 nr_node_ids:1
[    0.000000] PERCPU: Embedded 34 pages/cpu @ffff88003fc00000 s99544 r8192 d31528 u1048576
[    0.000000] Built 1 zonelists in Node order, mobility grouping on.  Total pages: 257912
[    0.000000] Policy zone: DMA32
[    0.000000] Kernel command line: BOOT_IMAGE=/boot/vmlinuz-4.4.0-165-generic root=LABEL=cloudimg-rootfs ro console=tty1 console=ttyS0
[    0.000000] PID hash table entries: 4096 (order: 3, 32768 bytes)
[    0.000000] Memory: 997724K/1048120K available (8621K kernel code, 1335K rwdata, 4032K rodata, 1484K init, 1284K bss, 50396K reserved, 0K cma-reserved)
[    0.000000] SLUB: HWalign=64, Order=0-3, MinObjects=0, CPUs=2, Nodes=1
[    0.000000] Kernel/User page tables isolation: enabled
[    0.000000] Hierarchical RCU implementation.
[    0.000000] 	Build-time adjustment of leaf fanout to 64.
[    0.000000] 	RCU restricting CPUs from NR_CPUS=512 to nr_cpu_ids=2.
[    0.000000] RCU: Adjusting geometry for rcu_fanout_leaf=64, nr_cpu_ids=2
[    0.000000] NR_IRQS:33024 nr_irqs:440 16
[    0.000000] Console: colour VGA+ 80x25
[    0.000000] console [tty1] enabled
[    0.000000] console [ttyS0] enabled
[    0.000000] tsc: Detected 2195.014 MHz processor
[    0.912827] Calibrating delay loop (skipped) preset value.. 4390.02 BogoMIPS (lpj=8780056)
[    0.923242] pid_max: default: 32768 minimum: 301
[    0.928667] ACPI: Core revision 20150930
[    0.944793] ACPI: 2 ACPI AML tables successfully acquired and loaded
[    0.952769] Security Framework initialized
[    0.958109] Yama: becoming mindful.
[    0.963520] AppArmor: AppArmor initialized
[    0.970986] Dentry cache hash table entries: 131072 (order: 8, 1048576 bytes)
[    0.987902] Inode-cache hash table entries: 65536 (order: 7, 524288 bytes)
[    0.998676] Mount-cache hash table entries: 2048 (order: 2, 16384 bytes)
[    1.006118] Mountpoint-cache hash table entries: 2048 (order: 2, 16384 bytes)
[    1.014546] Initializing cgroup subsys io
[    1.019544] Initializing cgroup subsys memory
[    1.024913] Initializing cgroup subsys devices
[    1.030630] Initializing cgroup subsys freezer
[    1.036036] Initializing cgroup subsys net_cls
[    1.041519] Initializing cgroup subsys perf_event
[    1.047198] Initializing cgroup subsys net_prio
[    1.053233] Initializing cgroup subsys hugetlb
[    1.058537] Initializing cgroup subsys pids
[    1.064927] mce: CPU supports 0 MCE banks
[    1.070018] Last level iTLB entries: 4KB 512, 2MB 8, 4MB 8
[    1.076419] Last level dTLB entries: 4KB 512, 2MB 32, 4MB 32, 1GB 0
[    1.083418] Spectre V1 : Mitigation: usercopy/swapgs barriers and __user pointer sanitization
[    1.096567] Spectre V2 : Mitigation: Full generic retpoline
[    1.104470] Spectre V2 : Spectre v2 / SpectreRSB mitigation: Filling RSB on context switch
[    1.114375] Speculative Store Bypass: Vulnerable
[    1.120407] MDS: Vulnerable: Clear CPU buffers attempted, no microcode
[    1.143996] Freeing SMP alternatives memory: 36K
[    1.182883] ftrace: allocating 32318 entries in 127 pages
[    1.529400] smpboot: APIC(0) Converting physical 0 to logical package 0
[    1.536489] smpboot: Max logical packages: 1
[    1.543528] x2apic enabled
[    1.549271] Switched APIC routing to physical x2apic.
[    1.562799] ..TIMER: vector=0x30 apic1=0 pin1=2 apic2=-1 pin2=-1
[    1.675290] smpboot: CPU0: Intel(R) Core(TM) i7-3632QM CPU @ 2.20GHz (family: 0x6, model: 0x3a, stepping: 0x9)
[    1.688844] Performance Events: unsupported p6 CPU model 58 no PMU driver, software events only.
[    1.743894] KVM setup paravirtual spinlock
[    1.751829] x86: Booting SMP configuration:
[    1.757051] .... node  #0, CPUs:      #1
[    1.762608] kvm-clock: cpu 1, msr 0:3ffe3041, secondary cpu clock
[    1.769035] mce: CPU supports 0 MCE banks
[    1.774553] x86: Booted up 1 node, 2 CPUs
[    1.782036] smpboot: Total of 2 processors activated (8780.05 BogoMIPS)
[    1.791060] devtmpfs: initialized
[    1.830459] evm: security.selinux
[    1.835106] evm: security.SMACK64
[    1.839752] evm: security.SMACK64EXEC
[    1.845577] evm: security.SMACK64TRANSMUTE
[    1.851655] evm: security.SMACK64MMAP
[    1.858063] evm: security.ima
[    1.862522] evm: security.capability
[    1.868333] clocksource: jiffies: mask: 0xffffffff max_cycles: 0xffffffff, max_idle_ns: 7645041785100000 ns
[    1.879899] futex hash table entries: 512 (order: 3, 32768 bytes)
[    1.888421] pinctrl core: initialized pinctrl subsystem
[    1.895078] RTC time: 12:04:40, date: 10/23/19
[    1.901233] NET: Registered protocol family 16
[    1.922092] cpuidle: using governor ladder
[    1.936724] cpuidle: using governor menu
[    1.941891] PCCT header not found.
[    1.946850] ACPI: bus type PCI registered
[    1.952008] acpiphp: ACPI Hot Plug PCI Controller Driver version: 0.5
[    1.959569] PCI: Using configuration type 1 for base access
[    1.988135] ACPI: Added _OSI(Module Device)
[    1.993300] ACPI: Added _OSI(Processor Device)
[    1.998735] ACPI: Added _OSI(3.0 _SCP Extensions)
[    2.004459] ACPI: Added _OSI(Processor Aggregator Device)
[    2.014937] ACPI: Executed 1 blocks of module-level executable AML code
[    2.038761] ACPI: Interpreter enabled
[    2.043533] ACPI: (supports S0 S5)
[    2.048011] ACPI: Using IOAPIC for interrupt routing
[    2.054855] PCI: Using host bridge windows from ACPI; if necessary, use "pci=nocrs" and report a bug
[    2.091075] ACPI: PCI Root Bridge [PCI0] (domain 0000 [bus 00-ff])
[    2.097804] acpi PNP0A03:00: _OSC: OS supports [ASPM ClockPM Segments MSI]
[    2.107640] acpi PNP0A03:00: _OSC: not requesting OS control; OS requires [ExtendedConfig ASPM ClockPM MSI]
[    2.118667] acpi PNP0A03:00: fail to add MMCONFIG information, can't access extended PCI configuration space under this bridge.
[    2.132574] PCI host bridge to bus 0000:00
[    2.137646] pci_bus 0000:00: root bus resource [io  0x0000-0x0cf7 window]
[    2.145125] pci_bus 0000:00: root bus resource [io  0x0d00-0xffff window]
[    2.152376] pci_bus 0000:00: root bus resource [mem 0x000a0000-0x000bffff window]
[    2.161556] pci_bus 0000:00: root bus resource [mem 0x40000000-0xfdffffff window]
[    2.171089] pci_bus 0000:00: root bus resource [bus 00-ff]
[    2.186804] pci 0000:00:01.1: legacy IDE quirk: reg 0x10: [io  0x01f0-0x01f7]
[    2.194752] pci 0000:00:01.1: legacy IDE quirk: reg 0x14: [io  0x03f6]
[    2.202664] pci 0000:00:01.1: legacy IDE quirk: reg 0x18: [io  0x0170-0x0177]
[    2.210421] pci 0000:00:01.1: legacy IDE quirk: reg 0x1c: [io  0x0376]
[    2.360189] pci 0000:00:07.0: quirk: [io  0x4000-0x403f] claimed by PIIX4 ACPI
[    2.369841] pci 0000:00:07.0: quirk: [io  0x4100-0x410f] claimed by PIIX4 SMB
[    2.398033] ACPI: PCI Interrupt Link [LNKA] (IRQs 5 9 10 *11)
[    2.408633] ACPI: PCI Interrupt Link [LNKB] (IRQs 5 9 *10 11)
[    2.417657] ACPI: PCI Interrupt Link [LNKC] (IRQs 5 *9 10 11)
[    2.426887] ACPI: PCI Interrupt Link [LNKD] (IRQs 5 9 10 *11)
[    2.436606] ACPI: Enabled 2 GPEs in block 00 to 07
[    2.443989] vgaarb: setting as boot device: PCI:0000:00:02.0
[    2.450575] vgaarb: device added: PCI:0000:00:02.0,decodes=io+mem,owns=io+mem,locks=none
[    2.461681] vgaarb: loaded
[    2.465751] vgaarb: bridge control possible 0000:00:02.0
[    2.473372] SCSI subsystem initialized
[    2.478734] ACPI: bus type USB registered
[    2.483821] usbcore: registered new interface driver usbfs
[    2.490114] usbcore: registered new interface driver hub
[    2.496195] usbcore: registered new device driver usb
[    2.503152] PCI: Using ACPI for IRQ routing
[    2.509946] NetLabel: Initializing
[    2.514490] NetLabel:  domain hash size = 128
[    2.519710] NetLabel:  protocols = UNLABELED CIPSOv4
[    2.529441] NetLabel:  unlabeled traffic allowed by default
[    2.536307] amd_nb: Cannot enumerate AMD northbridges
[    2.542604] clocksource: Switched to clocksource kvm-clock
[    2.595680] AppArmor: AppArmor Filesystem Enabled
[    2.601563] pnp: PnP ACPI init
[    2.610574] pnp: PnP ACPI: found 3 devices
[    2.642841] clocksource: acpi_pm: mask: 0xffffff max_cycles: 0xffffff, max_idle_ns: 2085701024 ns
[    2.653513] NET: Registered protocol family 2
[    2.659434] TCP established hash table entries: 8192 (order: 4, 65536 bytes)
[    2.666990] TCP bind hash table entries: 8192 (order: 5, 131072 bytes)
[    2.673973] TCP: Hash tables configured (established 8192 bind 8192)
[    2.680904] UDP hash table entries: 512 (order: 2, 16384 bytes)
[    2.687381] UDP-Lite hash table entries: 512 (order: 2, 16384 bytes)
[    2.694483] NET: Registered protocol family 1
[    2.700399] pci 0000:00:00.0: Limiting direct PCI/PCI transfers
[    2.707676] pci 0000:00:01.0: Activating ISA DMA hang workarounds
[    2.715013] Unpacking initramfs...
[    4.010785] Freeing initrd memory: 14836K
[    4.016482] RAPL PMU detected, API unit is 2^-32 Joules, 3 fixed counters 10737418240 ms ovfl timer
[    4.027249] hw unit of domain pp0-core 2^-0 Joules
[    4.032990] hw unit of domain package 2^-0 Joules
[    4.038494] hw unit of domain pp1-gpu 2^-0 Joules
[    4.044237] clocksource: tsc: mask: 0xffffffffffffffff max_cycles: 0x1fa3ccad8e3, max_idle_ns: 440795237152 ns
[    4.055755] platform rtc_cmos: registered platform RTC device (no PNP device found)
[    4.065347] Scanning for low memory corruption every 60 seconds
[    4.073363] audit: initializing netlink subsys (disabled)
[    4.079626] audit: type=2000 audit(1571832293.335:1): initialized
[    4.087719] Initialise system trusted keyring
[    4.093481] HugeTLB registered 2 MB page size, pre-allocated 0 pages
[    4.109598] zbud: loaded
[    4.114570] VFS: Disk quotas dquot_6.6.0
[    4.119773] VFS: Dquot-cache hash table entries: 512 (order 0, 4096 bytes)
[    4.128767] squashfs: version 4.0 (2009/01/31) Phillip Lougher
[    4.136589] fuse init (API version 7.23)
[    4.142417] Key type big_key registered
[    4.147889] Allocating IMA MOK and blacklist keyrings.
[    4.159461] Key type asymmetric registered
[    4.164698] Asymmetric key parser 'x509' registered
[    4.170774] Block layer SCSI generic (bsg) driver version 0.4 loaded (major 249)
[    4.180320] io scheduler noop registered
[    4.185368] io scheduler deadline registered (default)
[    4.191421] io scheduler cfq registered
[    4.196702] pci_hotplug: PCI Hot Plug PCI Core version: 0.5
[    4.203143] pciehp: PCI Express Hot Plug Controller Driver version: 0.4
[    4.210933] ACPI: AC Adapter [AC] (on-line)
[    4.216477] input: Power Button as /devices/LNXSYSTM:00/LNXPWRBN:00/input/input0
[    4.226041] ACPI: Power Button [PWRF]
[    4.231299] input: Sleep Button as /devices/LNXSYSTM:00/LNXSLPBN:00/input/input1
[    4.240521] ACPI: Sleep Button [SLPF]
[    4.246883] GHES: HEST is not enabled!
[    4.249841] ACPI: Battery Slot [BAT0] (battery present)
[    4.258029] Serial: 8250/16550 driver, 32 ports, IRQ sharing enabled
[    4.288513] 00:02: ttyS0 at I/O 0x3f8 (irq = 4, base_baud = 115200) is a 16550A
[    4.311937] Linux agpgart interface v0.103
[    4.326732] loop: module loaded
[    4.333724] scsi host0: ata_piix
[    4.350289] scsi host1: ata_piix
[    4.354518] ata1: PATA max UDMA/33 cmd 0x1f0 ctl 0x3f6 bmdma 0xd000 irq 14
[    4.361148] ata2: PATA max UDMA/33 cmd 0x170 ctl 0x376 bmdma 0xd008 irq 15
[    4.368244] libphy: Fixed MDIO Bus: probed
[    4.373370] tun: Universal TUN/TAP device driver, 1.6
[    4.378655] tun: (C) 1999-2004 Max Krasnyansky <maxk@qualcomm.com>
[    4.385067] PPP generic driver version 2.4.2
[    4.390564] ehci_hcd: USB 2.0 'Enhanced' Host Controller (EHCI) Driver
[    4.396951] ehci-pci: EHCI PCI platform driver
[    4.402022] ehci-platform: EHCI generic platform driver
[    4.407632] ohci_hcd: USB 1.1 'Open' Host Controller (OHCI) Driver
[    4.413963] ohci-pci: OHCI PCI platform driver
[    4.419172] ohci-platform: OHCI generic platform driver
[    4.424885] uhci_hcd: USB Universal Host Controller Interface driver
[    4.431716] i8042: PNP: PS/2 Controller [PNP0303:PS2K,PNP0f03:PS2M] at 0x60,0x64 irq 1,12
[    4.442696] serio: i8042 KBD port at 0x60,0x64 irq 1
[    4.448096] serio: i8042 AUX port at 0x60,0x64 irq 12
[    4.455569] mousedev: PS/2 mouse device common for all mice
[    4.462759] input: AT Translated Set 2 keyboard as /devices/platform/i8042/serio0/input/input2
[    4.467830] rtc_cmos rtc_cmos: rtc core: registered rtc_cmos as rtc0
[    4.468165] rtc_cmos rtc_cmos: alarms up to one day, 114 bytes nvram
[    4.468191] i2c /dev entries driver
[    4.468415] device-mapper: uevent: version 1.0.3
[    4.468669] device-mapper: ioctl: 4.34.0-ioctl (2015-10-28) initialised: dm-devel@redhat.com
[    4.468734] ledtrig-cpu: registered to indicate activity on CPUs
[    4.470246] NET: Registered protocol family 10
[    4.471140] NET: Registered protocol family 17
[    4.471170] Key type dns_resolver registered
[    4.472357] registered taskstats version 1
[    4.472489] Loading compiled-in X.509 certificates
[    4.475040] Loaded X.509 cert 'Build time autogenerated kernel key: 0ed82eac04367aa6426493b1389455ebf6830eaa'
[    4.475108] zswap: loaded using pool lzo/zbud
[    4.481680] Key type trusted registered
[    4.493974] Key type encrypted registered
[    4.493991] AppArmor: AppArmor sha1 policy hashing enabled
[    4.494002] ima: No TPM chip found, activating TPM-bypass!
[    4.494023] ima: Allocated hash algorithm: sha1
[    4.494073] evm: HMAC attrs: 0x1
[    4.495153]   Magic number: 7:538:77
[    4.498828] rtc_cmos rtc_cmos: setting system clock to 2019-10-23 12:04:42 UTC (1571832282)
[    4.499136] BIOS EDD facility v0.16 2004-Jun-25, 0 devices found
[    4.499138] EDD information not available.
[    4.620723] Freeing unused kernel memory: 1484K
[    4.635185] Write protecting the kernel read-only data: 14336k
[    4.644108] Freeing unused kernel memory: 1608K
[    4.650120] Freeing unused kernel memory: 64K
Loading, please wait...
starting version 229
[    4.712761] random: systemd-udevd: uninitialized urandom read (16 bytes read, 3 bits of entropy available)
[    4.715868] random: udevadm: uninitialized urandom read (16 bytes read, 3 bits of entropy available)
[    4.715939] random: udevadm: uninitialized urandom read (16 bytes read, 3 bits of entropy available)
[    4.750528] random: systemd-udevd: uninitialized urandom read (16 bytes read, 3 bits of entropy available)
[    4.764286] random: systemd-udevd: uninitialized urandom read (16 bytes read, 3 bits of entropy available)
[    4.765028] random: udevadm: uninitialized urandom read (16 bytes read, 3 bits of entropy available)
[    4.765228] random: udevadm: uninitialized urandom read (16 bytes read, 3 bits of entropy available)
[    4.765981] random: udevadm: uninitialized urandom read (16 bytes read, 3 bits of entropy available)
[    4.766246] random: udevadm: uninitialized urandom read (16 bytes read, 3 bits of entropy available)
[    4.766501] random: udevadm: uninitialized urandom read (16 bytes read, 3 bits of entropy available)
[    4.988803] Fusion MPT base driver 3.04.20
[    4.995560] Copyright (c) 1999-2008 LSI Corporation
[    5.059402] e1000: Intel(R) PRO/1000 Network Driver - version 7.3.21-k8-NAPI
[    5.067143] e1000: Copyright (c) 1999-2006 Intel Corporation.
[    5.080306] Fusion MPT SPI Host driver 3.04.20
[    5.110787] mptbase: ioc0: Initiating bringup
[    5.181756] AVX version of gcm_enc/dec engaged.
[    5.187348] AES CTR mode by8 optimization enabled
[    5.194345] ioc0: LSI53C1030 A0: Capabilities={Initiator}
[    5.263899] input: ImExPS/2 Generic Explorer Mouse as /devices/platform/i8042/serio1/input/input4
[    5.999648] scsi host2: ioc0: LSI53C1030 A0, FwRev=00000000h, Ports=1, MaxQ=256, IRQ=20
[    6.913926] scsi 2:0:0:0: Direct-Access     VBOX     HARDDISK         1.0  PQ: 0 ANSI: 5
[    6.923753] scsi target2:0:0: Beginning Domain Validation
[    6.937566] scsi target2:0:0: Domain Validation skipping write tests
[    6.944414] scsi target2:0:0: Ending Domain Validation
[    6.951061] scsi target2:0:0: asynchronous
[    6.964816] scsi 2:0:1:0: Direct-Access     VBOX     HARDDISK         1.0  PQ: 0 ANSI: 5
[    6.975195] scsi target2:0:1: Beginning Domain Validation
[    6.987784] scsi target2:0:1: Domain Validation skipping write tests
[    7.080838] scsi target2:0:1: Ending Domain Validation
[    7.087528] scsi target2:0:1: asynchronous
[    7.115356] sd 2:0:0:0: Attached scsi generic sg0 type 0
[    7.122079] sd 2:0:0:0: [sda] 20971520 512-byte logical blocks: (10.7 GB/10.0 GiB)
[    7.134133] sd 2:0:1:0: [sdb] 20480 512-byte logical blocks: (10.5 MB/10.0 MiB)
[    7.144644] sd 2:0:1:0: Attached scsi generic sg1 type 0
[    7.152541] sd 2:0:0:0: [sda] Write Protect is off
[    7.158814] sd 2:0:1:0: [sdb] Write Protect is off
[    7.165891] sd 2:0:0:0: [sda] Incomplete mode parameter data
[    7.172569] sd 2:0:0:0: [sda] Assuming drive cache: write through
[    7.179844] sd 2:0:1:0: [sdb] Incomplete mode parameter data
[    7.186491] sd 2:0:1:0: [sdb] Assuming drive cache: write through
[    7.218148]  sda: sda1
[    7.226134] sd 2:0:0:0: [sda] Attached SCSI disk
[    7.245302] sd 2:0:1:0: [sdb] Attached SCSI disk
[    7.742770] e1000 0000:00:03.0 eth0: (PCI:33MHz:32-bit) 02:b6:26:2d:10:3c
[    7.749883] e1000 0000:00:03.0 eth0: Intel(R) PRO/1000 Network Connection
[    7.760824] e1000 0000:00:03.0 enp0s3: renamed from eth0
Begin: Loading essential drivers ... [   11.355449] md: linear personality registered for level -1
[   11.372165] md: multipath personality registered for level -4
[   11.388986] md: raid0 personality registered for level 0
[   11.426918] md: raid1 personality registered for level 1
[   11.515076] raid6: sse2x1   gen()   837 MB/s
[   11.587363] raid6: sse2x1   xor()   628 MB/s
[   11.658727] raid6: sse2x2   gen()  1622 MB/s
[   11.730816] raid6: sse2x2   xor()  1076 MB/s
[   11.803234] raid6: sse2x4   gen()  2548 MB/s
[   11.875337] raid6: sse2x4   xor()  1432 MB/s
[   11.880121] raid6: using algorithm sse2x4 gen() 2548 MB/s
[   11.885768] raid6: .... xor() 1432 MB/s, rmw enabled
[   11.891152] raid6: using ssse3x2 recovery algorithm
[   11.900386] xor: automatically using best checksumming function:
[   11.942653]    avx       :  6137.000 MB/sec
[   11.952207] async_tx: api initialized (async)
[   11.994496] md: raid6 personality registered for level 6
[   12.000094] md: raid5 personality registered for level 5
[   12.005610] md: raid4 personality registered for level 4
[   12.036745] md: raid10 personality registered for level 10
done.
Begin: Running /scripts/init-premount ... done.
Begin: Mounting root file system ... Begin: Running /scripts/local-top ... done.
Begin: Running /scripts/local-premount ... [   12.194252] Btrfs loaded
Scanning for Btrfs filesystems
done.
Warning: fsck not present, so skipping root file system
[   12.370735] EXT4-fs (sda1): mounted filesystem with ordered data mode. Opts: (null)
done.
Begin: Running /scripts/local-bottom ... done.
Begin: Running /scripts/init-bottom ... done.
[   13.278985] random: nonblocking pool is initialized
[   13.640307] systemd[1]: systemd 229 running in system mode. (+PAM +AUDIT +SELINUX +IMA +APPARMOR +SMACK +SYSVINIT +UTMP +LIBCRYPTSETUP +GCRYPT +GNUTLS +ACL +XZ -LZ4 +SECCOMP +BLKID +ELFUTILS +KMOD -IDN)
[   13.661072] systemd[1]: Detected virtualization oracle.
[   13.667312] systemd[1]: Detected architecture x86-64.

Welcome to [1mUbuntu 16.04.6 LTS[0m!

[   13.755674] systemd[1]: Set hostname to <ubuntu>.
[   13.796432] systemd[1]: Initializing machine ID from random generator.
[   13.803901] systemd[1]: Installed transient /etc/machine-id file.
[   15.718746] systemd[1]: Created slice System Slice.
[[0;32m  OK  [0m] Created slice System Slice.
[   15.728404] systemd[1]: Listening on LVM2 metadata daemon socket.
[[0;32m  OK  [0m] Listening on LVM2 metadata daemon socket.
[   15.740730] systemd[1]: Set up automount Arbitrary Executable File Formats File System Automount Point.
[[0;32m  OK  [0m] Set up automount Arbitrary Executab...ats File System Automount Point.
[   15.758047] systemd[1]: Reached target User and Group Name Lookups.
[[0;32m  OK  [0m] Reached target User and Group Name Lookups.
[   15.769828] systemd[1]: Listening on Journal Socket (/dev/log).
[[0;32m  OK  [0m] Listening on Journal Socket (/dev/log).
[   15.781020] systemd[1]: Listening on LVM2 poll daemon socket.
[[0;32m  OK  [0m] Listening on LVM2 poll daemon socket.
[   15.799907] systemd[1]: Started Trigger resolvconf update for networkd DNS.
[[0;32m  OK  [0m] Started Trigger resolvconf update for networkd DNS.
[   15.812517] systemd[1]: Listening on Device-mapper event daemon FIFOs.
[[0;32m  OK  [0m] Listening on Device-mapper event daemon FIFOs.
[   15.824464] systemd[1]: Listening on Journal Audit Socket.
[[0;32m  OK  [0m] Listening on Journal Audit Socket.
[   15.834960] systemd[1]: Reached target System Time Synchronized.
[[0;32m  OK  [0m] Reached target System Time Synchronized.
[   15.848165] systemd[1]: Started Forward Password Requests to Wall Directory Watch.
[[0;32m  OK  [0m] Started Forward Password Requests to Wall Directory Watch.
[   15.867845] systemd[1]: Created slice User and Session Slice.
[[0;32m  OK  [0m] Created slice User and Session Slice.
[   15.879203] systemd[1]: Reached target Slices.
[[0;32m  OK  [0m] Reached target Slices.
[   15.889483] systemd[1]: Listening on /dev/initctl Compatibility Named Pipe.
[[0;32m  OK  [0m] Listening on /dev/initctl Compatibility Named Pipe.
[   15.902305] systemd[1]: Listening on udev Control Socket.
[[0;32m  OK  [0m] Listening on udev Control Socket.
[   15.913115] systemd[1]: Listening on udev Kernel Socket.
[[0;32m  OK  [0m] Listening on udev Kernel Socket.
[   15.923850] systemd[1]: Listening on Syslog Socket.
[[0;32m  OK  [0m] Listening on Syslog Socket.
[   15.939188] systemd[1]: Reached target Encrypted Volumes.
[[0;32m  OK  [0m] Reached target Encrypted Volumes.
[   15.949233] systemd[1]: Listening on Journal Socket.
[[0;32m  OK  [0m] Listening on Journal Socket.
[   15.979087] systemd[1]: Starting Uncomplicated firewall...
         Starting Uncomplicated firewall...
[   16.047459] systemd[1]: Starting Create list of required static device nodes for the current kernel...
         Starting Create list of required st... nodes for the current kernel...
[   16.067806] systemd[1]: Mounting POSIX Message Queue File System...
         Mounting POSIX Message Queue File System...
[   16.087904] systemd[1]: Starting Journal Service...
         Starting Journal Service...
[   16.099766] systemd[1]: Mounting Huge Pages File System...
         Mounting Huge Pages File System...
[   16.114601] systemd[1]: Starting Monitoring of LVM2 mirrors, snapshots etc. using dmeventd or progress polling...
         Starting Monitoring of LVM2 mirrors... dmeventd or progress polling...
[   16.143984] systemd[1]: Starting Set console keymap...
         Starting Set console keymap...
[   16.158432] systemd[1]: Mounting Debug File System...
         Mounting Debug File System...
[   16.174467] systemd[1]: Starting Nameserver information manager...
         Starting Nameserver information manager...
[   16.239839] systemd[1]: Starting Load Kernel Modules...
         Starting Load Kernel Modules...
[   16.254279] systemd[1]: Starting Remount Root and Kernel File Systems...
         Starting Remount Root and Kernel File Systems...
[   16.265357] systemd[1]: Reached target Swap.
[[0;32m  OK  [0m] Reached target Swap.
[   16.276499] systemd[1]: Created slice system-serial\x2dgetty.slice.

  16.283491] EXT4-fs (sda1): re-mounted. Opts: (null)
[[0;32m  OK  [0m] Created slice system-serial\x2dgetty.slice.
[   16.311199] systemd[1]: Mounted Huge Pages File System.
[[0;32m  OK  [0m] Mounted Huge Pages File System.
[   16.321620] systemd[1]: Mounted Debug File System.
[[0;32m  OK  [0m] Mounted Debug File System.
[   16.331638] systemd[1]: Mounted POSIX Message Queue File System.
[[0;32m  OK  [0m] Mounted POSIX Message Queue File System.
[   16.345438] systemd[1]: Started Uncomplicated firewall.
[[0;32m  OK  [0m] Started Uncomplicated firewall.
[   16.359403] systemd[1]: Started Create list of required static device nodes for the current kernel.
[[0;32m  OK  [0m] Started Create list of required sta...ce nodes for the current kernel.
[   16.404107] systemd[1]: Started Remount Root and Kernel File Systems.
[[0;32m  OK  [0m] Started Remount Root and Kernel File Systems.
[   16.475196] systemd[1]: Started Nameserver information manager.
[[0;32m  OK  [0m] Started Nameserver information manager.
[   16.598306] Loading iSCSI transport class v2.0-870.
[   16.739264] systemd[1]: Starting Load/Save Random Seed...
         Starting Load/Save Random Seed...
[   16.780439] iscsi: registered transport (tcp)
[   16.835206] systemd[1]: Starting udev Coldplug all Devices...
         Starting udev Coldplug all Devices...
[   16.865271] systemd[1]: Starting Create Static Device Nodes in /dev...
         Starting Create Static Device Nodes in /dev...
[   16.884311] systemd[1]: Started Load/Save Random Seed.
[[0;32m  OK  [0m] Started Load/Save Random Seed.
[   16.987221] systemd[1]: Started LVM2 metadata daemon.
[[0;32m  OK  [0m] Started LVM2 metadata daemon.
[   17.033452] systemd[1]: Started Set console keymap.
[[0;32m  OK  [0m] Started Set console keymap.
[   17.113409] systemd[1]: Started Journal Service.
[[0;32m  OK  [0m] Started Journal Service.
         Starting Flush Journal to Persistent Storage...
[   17.191776] iscsi: registered transport (iser)
[[0;32m  OK  [0m] Started Load Kernel Modules.
         Starting Apply Kernel Variables...
         Mounting FUSE Control File System...
[[0;32m  OK  [0m] Mounted FUSE Control File System.
[[0;32m  OK  [0m] Started udev Coldplug all Devices.
[   17.351333] systemd-journald[376]: Received request to flush runtime journal from PID 1
[[0;32m  OK  [0m] Started Flush Journal to Persistent Storage.
[[0;32m  OK  [0m] Started Monitoring of LVM2 mirrors,...ng dmeventd or progress polling.
[[0;32m  OK  [0m] Started Apply Kernel Variables.
[[0;32m  OK  [0m] Started Create Static Device Nodes in /dev.
[[0;32m  OK  [0m] Reached target Local File Systems (Pre).
[[0;32m  OK  [0m] Reached target Local File Systems.
         Starting Set console font and keymap...
         Starting LSB: AppArmor initialization...
         Starting Initial cloud-init job (pre-networking)...
         Starting Commit a transient machine-id on disk...
         Starting Tell Plymouth To Write Out Runtime Data...
         Starting Create Volatile Files and Directories...
         Starting udev Kernel Device Manager...
[[0;32m  OK  [0m] Started Tell Plymouth To Write Out Runtime Data.
[[0;32m  OK  [0m] Started Commit a transient machine-id on disk.
[[0;32m  OK  [0m] Started Create Volatile Files and Directories.
         Starting Update UTMP about System Boot/Shutdown...
[[0;32m  OK  [0m] Started Update UTMP about System Boot/Shutdown.
[[0;32m  OK  [0m] Started udev Kernel Device Manager.
[[0;32m  OK  [0m] Started Dispatch Password Requests to Console Directory Watch.
[[0;32m  OK  [0m] Found device /dev/ttyS0.
[[0;32m  OK  [0m] Listening on Load/Save RF Kill Switch Status /dev/rfkill Watch.
[[0;32m  OK  [0m] Started Set console font and keymap.
[[0;32m  OK  [0m] Created slice system-getty.slice.
[[0;32m  OK  [0m] Started LSB: AppArmor initialization.
[   27.658330] cloud-init[470]: Cloud-init v. 19.2-36-g059d049c-0ubuntu2~16.04.1 running 'init-local' at Wed, 23 Oct 2019 12:05:05 +0000. Up 26.02 seconds.
[[0;32m  OK  [0m] Started Initial cloud-init job (pre-networking).
[[0;32m  OK  [0m] Reached target Network (Pre).
         Starting Raise network interfaces...
[[0;32m  OK  [0m] Started Raise network interfaces.
[[0;32m  OK  [0m] Reached target Network.
         Starting Initial cloud-init job (metadata service crawler)...
[   34.948178] cloud-init[935]: Cloud-init v. 19.2-36-g059d049c-0ubuntu2~16.04.1 running 'init' at Wed, 23 Oct 2019 12:05:10 +0000. Up 30.73 seconds.
[   34.960383] cloud-init[935]: ci-info: ++++++++++++++++++++++++++++++++++++++Net device info++++++++++++++++++++++++++++++++++++++
[   34.970065] cloud-init[935]: ci-info: +--------+------+----------------------------+---------------+--------+-------------------+
[   34.979235] cloud-init[935]: ci-info: | Device |  Up  |          Address           |      Mask     | Scope  |     Hw-Address    |
[   34.988215] cloud-init[935]: ci-info: +--------+------+----------------------------+---------------+--------+-------------------+
[   34.997699] cloud-init[935]: ci-info: | enp0s3 | True |         10.0.2.15          | 255.255.255.0 | global | 02:b6:26:2d:10:3c |
[   35.016996] cloud-init[935]: ci-info: | enp0s3 | True | fe80::b6:26ff:fe2d:103c/64 |       .       |  link  | 02:b6:26:2d:10:3c |
[   35.026946] cloud-init[935]: ci-info: |   lo   | True |         127.0.0.1          |   255.0.0.0   |  host  |         .         |
[   35.038063] cloud-init[935]: ci-info: |   lo   | True |          ::1/128           |       .       |  host  |         .         |
[   35.048422] cloud-init[935]: ci-info: +--------+------+----------------------------+---------------+--------+-------------------+
[   35.058278] cloud-init[935]: ci-info: +++++++++++++++++++++++++++Route IPv4 info++++++++++++++++++++++++++++
[   35.066812] cloud-init[935]: ci-info: +-------+-------------+----------+---------------+-----------+-------+
[   35.075405] cloud-init[935]: ci-info: | Route | Destination | Gateway  |    Genmask    | Interface | Flags |
[   35.083965] cloud-init[935]: ci-info: +-------+-------------+----------+---------------+-----------+-------+
[   35.092730] cloud-init[935]: ci-info: |   0   |   0.0.0.0   | 10.0.2.2 |    0.0.0.0    |   enp0s3  |   UG  |
[   35.101705] cloud-init[935]: ci-info: |   1   |   10.0.2.0  | 0.0.0.0  | 255.255.255.0 |   enp0s3  |   U   |
[   35.110366] cloud-init[935]: ci-info: +-------+-------------+----------+---------------+-----------+-------+
[   35.122934] cloud-init[935]: ci-info: +++++++++++++++++++Route IPv6 info+++++++++++++++++++
[   35.131523] cloud-init[935]: ci-info: +-------+-------------+---------+-----------+-------+
[   35.139722] cloud-init[935]: ci-info: | Route | Destination | Gateway | Interface | Flags |
[   35.149013] cloud-init[935]: ci-info: +-------+-------------+---------+-----------+-------+
[   35.156894] cloud-init[935]: ci-info: |   0   |  fe80::/64  |    ::   |   enp0s3  |   U   |
[   35.165246] cloud-init[935]: ci-info: |   4   |   ff00::/8  |    ::   |   enp0s3  |   U   |
[   35.172966] cloud-init[935]: ci-info: +-------+-------------+---------+-----------+-------+
[   35.179796] cloud-init[935]: Generating public/private rsa key pair.
[   35.186070] cloud-init[935]: Your identification has been saved in /etc/ssh/ssh_host_rsa_key.
[   35.197284] cloud-init[935]: Your public key has been saved in /etc/ssh/ssh_host_rsa_key.pub.
[   35.205083] cloud-init[935]: The key fingerprint is:
[   35.210815] cloud-init[935]: SHA256:fZXcfAJMFBlo2O83sF1hzZTSdPK08ck5EGOA4RKX1V4 root@ubuntu-xenial
[   35.218879] cloud-init[935]: The key's randomart image is:
[   35.225019] cloud-init[935]: +---[RSA 2048]----+
[   35.230304] cloud-init[935]: |       . ==BOO==*|
[   35.239187] cloud-init[935]: |        =o+ +=+EX|
[   35.246947] cloud-init[935]: |       . o .. O*B|
[   35.252693] cloud-init[935]: |        ..  oo .+|
[   35.257781] cloud-init[935]: |        S ...+ . |
[   35.263177] cloud-init[935]: |           .o +  |
[   35.269760] cloud-init[935]: |             . . |
[   35.274928] cloud-init[935]: |                 |
[   35.280658] cloud-init[935]: |                 |
[   35.285848] cloud-init[935]: +----[SHA256]-----+
[   35.290336] cloud-init[935]: Generating public/private dsa key pair.
[   35.302020] cloud-init[935]: Your identification has been saved in /etc/ssh/ssh_host_dsa_key.
[   35.309336] cloud-init[935]: Your public key has been saved in /etc/ssh/ssh_host_dsa_key.pub.
[   35.322324] cloud-init[935]: The key fingerprint is:
[   35.328471] cloud-init[935]: SHA256:zwdRyx1oYWbAT5alEPZYG8psJplbROLUuUrj9zbWZFk root@ubuntu-xenial
[   35.337083] cloud-init[935]: The key's randomart image is:
[   35.345927] cloud-init[935]: +---[DSA 1024]----+
[   35.351615] cloud-init[935]: |        o+B+O=o  |
[   35.356864] cloud-init[935]: |       o O+%** . |
[   35.362827] cloud-init[935]: |        = X** .  |
[   35.368998] cloud-init[935]: |        o*...   E|
[   35.384182] cloud-init[935]: |       oSo.    o |
[   35.389870] cloud-init[935]: |        oo..  +  |
[   35.395751] cloud-init[935]: |         .o..+   |
[   35.400829] cloud-init[935]: |           .= .  |
[   35.410340] cloud-init[935]: |           o .   |
[   35.415784] cloud-init[935]: +----[SHA256]-----+
[   35.420804] cloud-init[935]: Generating public/private ecdsa key pair.
[   35.426757] cloud-init[935]: Your identification has been saved in /etc/ssh/ssh_host_ecdsa_key.
[   35.434847] cloud-init[935]: Your public key has been saved in /etc/ssh/ssh_host_ecdsa_key.pub.
[   35.443221] cloud-init[935]: The key fingerprint is:
[   35.448606] cloud-init[935]: SHA256:suVaR9gKpf7Rf/POSWCpAX+flnuCqAIwsb/ZLB+xOYY root@ubuntu-xenial
[   35.455462] cloud-init[935]: The key's randomart image is:
[   35.461275] cloud-init[935]: +---[ECDSA 256]---+
[   35.467136] cloud-init[935]: |                 |
[   35.473316] cloud-init[935]: |  .              |
[   35.479085] cloud-init[935]: |   o    ..       |
[   35.484749] cloud-init[935]: |  +    o oo   .  |
[   35.490263] cloud-init[935]: |   +  = S oo =   |
[   35.496408] cloud-init[935]: |    oo X +  = o o|
[[0;32m  OK  [0m] Started Initial cloud-init job (metadata service crawler).
[[0;32m  OK  [0m] Reached target System Initialization.
[[0;32m  OK  [0m] Started Message of the Day.
[[0;32m  OK  [0m] Listening on D-Bus System Message Bus Socket.
[   35.501422] cloud-init[935]: |    E*O = oo . * |
[[0;32m  OK  [0m] Started Daily Cleanup of Temporary Directories.
[   35.519261] [[0;32m  OK  [0m] Listening on ACPID Listen Socket.
[[0;32m  OK  [0m] Listening on UUID daemon activation socket.
cloud-init[935]: |    +.+* o... *.+|
[   35.534033] cloud-init[935]: |     oo.o.  .. B=|
[   35.538480] cloud-init[935]: +----[SHA256]-----+
[   35.542943] cloud-init[935]: Generating public/private ed25519 key pair.
[   35.548032] cloud-init[935]: Your identification has been saved in /etc/ssh/ssh_host_ed25519_key.
[   35.556143] cloud-init[935]: Your public key has been saved in /etc/ssh/ssh_host_ed25519_key.pub.
[   35.569760] cloud-init[935]: The key fingerprint is:
[   35.574261] cloud-init[935]: SHA256:pi4MgYYAWlIPv3LbHgWbFQn8XqLe4WCvSEsy5pwRD8Y root@ubuntu-xenial
[   35.580995] cloud-init[935]: The key's randomart image is:
[   35.585974] cloud-init[935]: +--[ED25519 256]--+
[   35.590511] cloud-init[935]: |+.+  .....       |
[   35.595117] cloud-init[935]: |oo +  . ..       |
[   35.599822] cloud-init[935]: |+.  o ...        |
[   35.604491] cloud-init[935]: |oo.  . =o .      |
[   35.608636] cloud-init[935]: |. E.o ooSo       |
[   35.612728] cloud-init[935]: | ..* o++o        |
[   35.617326] cloud-init[935]: |  =o=o+= .       |
[   35.621476] cloud-init[935]: | + Bo=..+        |
[   35.625853] cloud-init[935]: |  + o.+.         |
[   35.630065] cloud-init[935]: +----[SHA256]-----+
         Starting LXD - unix socket.
         Starting Socket activation for snappy daemon.
[[0;32m  OK  [0m] Started Daily apt download activities.
[[0;32m  OK  [0m] Started Daily apt upgrade and clean activities.
[[0;32m  OK  [0m] Reached target Timers.
[[0;32m  OK  [0m] Started ACPI Events Check.
[[0;32m  OK  [0m] Reached target Paths.
[[0;32m  OK  [0m] Reached target Cloud-config availability.
[[0;32m  OK  [0m] Reached target Network is Online.
         Starting iSCSI initiator daemon (iscsid)...
[[0;32m  OK  [0m] Listening on LXD - unix socket.
[[0;32m  OK  [0m] Listening on Socket activation for snappy daemon.
[[0;32m  OK  [0m] Reached target Sockets.
[[0;32m  OK  [0m] Reached target Basic System.
         Starting LSB: MD monitoring daemon...
         Starting LSB: Record successful boot for GRUB...
         Starting Login Service...
         Starting Pollinate to seed the pseudo random number generator...
[[0;32m  OK  [0m] Started D-Bus System Message Bus.
         Starting Snappy daemon...
         Starting System Logging Service...
[[0;32m  OK  [0m] Started Deferred execution scheduler.
[[0;32m  OK  [0m] Started ACPI event daemon.
         Starting Virtualbox guest utils...
         Starting /etc/rc.local Compatibility...
[[0;32m  OK  [0m] Started Regular background program processing daemon.
         Starting Accounts Service...
[[0;32m  OK  [0m] Started FUSE filesystem for LXC.
         Starting LXD - container startup/shutdown...
[[0;32m  OK  [0m] Started /etc/rc.local Compatibility.
[[0;32m  OK  [0m] Started Login Service.
[[0;32m  OK  [0m] Started Unattended Upgrades Shutdown.
[[0;32m  OK  [0m] Started LSB: Record successful boot for GRUB.
[[0;32m  OK  [0m] Started iSCSI initiator daemon (iscsid).
         Starting Login to default iSCSI targets...
[[0;32m  OK  [0m] Started System Logging Service.
[[0;32m  OK  [0m] Started LSB: MD monitoring daemon.
[[0;32m  OK  [0m] Started Login to default iSCSI targets.
[[0;32m  OK  [0m] Reached target Remote File Systems (Pre).
[[0;32m  OK  [0m] Reached target Remote File Systems.
         Starting Permit User Sessions...
         Starting LSB: Set the CPU Frequency Scaling governor to "ondemand"...
         Starting LSB: automatic crash report generation...
         Starting LSB: daemon to balance interrupts for SMP systems...
[[0;32m  OK  [0m] Started Permit User Sessions.
[[0;32m  OK  [0m] Started LSB: Set the CPU Frequency Scaling governor to "ondemand".
         Starting Terminate Plymouth Boot Screen...
         Starting Hold until boot process finishes up...
[[0;32m  OK  [0m] Started Terminate Plymouth Boot Screen.
[[0;32m  OK  [0m] Started Hold until boot process finishes up.
         Starting Set console scheme...
[[0;32m  OK  [0m] Started Getty on tty1.
[[0;32m  OK  [0m] Started Serial Getty on ttyS0.
[[0;32m  OK  [0m] Reached target Login Prompts.
[[0;32m  OK  [0m] Started Set console scheme.
[[0;32m  OK  [0m] Started LSB: automatic crash report generation.
[[0;32m  OK  [0m] Started LSB: daemon to balance interrupts for SMP systems.
[[0;32m  OK  [0m] Started Virtualbox guest utils.
         Starting Authenticate and Authorize Users to Run Privileged Tasks...
[[0;32m  OK  [0m] Started Authenticate and Authorize Users to Run Privileged Tasks.
[[0;32m  OK  [0m] Started Accounts Service.
[[0;32m  OK  [0m] Started Pollinate to seed the pseudo random number generator.
         Starting OpenBSD Secure Shell server...
[[0;32m  OK  [0m] Started OpenBSD Secure Shell server.

Ubuntu 16.04.6 LTS ubuntu-xenial ttyS0

ubuntu-xenial login: [   53.008338] cloud-init[1431]: Generating locales (this might take a while)...
[   60.072530] cloud-init[1431]:   en_US.UTF-8... done
[   60.078198] cloud-init[1431]: Generation complete.
[   63.691203] cloud-init[1431]: Cloud-init v. 19.2-36-g059d049c-0ubuntu2~16.04.1 running 'modules:config' at Wed, 23 Oct 2019 12:05:31 +0000. Up 52.06 seconds.
ci-info: no authorized ssh keys fingerprints found for user ubuntu.
<14>Oct 23 12:05:46 ec2: 
<14>Oct 23 12:05:46 ec2: #############################################################
<14>Oct 23 12:05:46 ec2: -----BEGIN SSH HOST KEY FINGERPRINTS-----
<14>Oct 23 12:05:46 ec2: 1024 SHA256:zwdRyx1oYWbAT5alEPZYG8psJplbROLUuUrj9zbWZFk root@ubuntu-xenial (DSA)
<14>Oct 23 12:05:46 ec2: 256 SHA256:suVaR9gKpf7Rf/POSWCpAX+flnuCqAIwsb/ZLB+xOYY root@ubuntu-xenial (ECDSA)
<14>Oct 23 12:05:46 ec2: 256 SHA256:pi4MgYYAWlIPv3LbHgWbFQn8XqLe4WCvSEsy5pwRD8Y root@ubuntu-xenial (ED25519)
<14>Oct 23 12:05:46 ec2: 2048 SHA256:fZXcfAJMFBlo2O83sF1hzZTSdPK08ck5EGOA4RKX1V4 root@ubuntu-xenial (RSA)
<14>Oct 23 12:05:46 ec2: -----END SSH HOST KEY FINGERPRINTS-----
<14>Oct 23 12:05:46 ec2: #############################################################
-----BEGIN SSH HOST KEY KEYS-----
ecdsa-sha2-nistp256 AAAAE2VjZHNhLXNoYTItbmlzdHAyNTYAAAAIbmlzdHAyNTYAAABBBFzKgvdfNyDjPnirb7iqbVCOz3v54nLQfVphvDqhe5cNaswFz0MlBJvAlgN17VmMKhgXB5CucpbV5XinSeBPHUg= root@ubuntu-xenial
ssh-ed25519 AAAAC3NzaC1lZDI1NTE5AAAAINNuGo/zR0ciVk53+i5QemeViBbsW9psRQhGgOGL1Yqe root@ubuntu-xenial
ssh-rsa AAAAB3NzaC1yc2EAAAADAQABAAABAQDBnfN2KqXPNOrmJtPB40JOW/JTeHNd0GZewKXC/+136b7JLtEXsaTfSA8osRsD2/5ogzo1a+50Q3Vgwcap0CaaGR94goCnd0I/fkaisTULllzDTac2q5RUEe8x+KXIknbjJeAxKZYRCLI0XqheMgZPiN/j/Tgmd/7YsCTHr5yyjffaXIm6YjHsUtz3Mo73NvyLuO3OMdbXWh0FXKLjB4mHiDcK9M5mHuwd4E6iykJPtGwowSHfprALrRp/aurmBO8gK1JbJOTw4+rum0lYj3jNin8y0jLqaQaMoL5hSvKQ8awIaz7rEd9O0EaX/7UFSxk30LpzPZ8EPAXuen1mQ/cX root@ubuntu-xenial
-----END SSH HOST KEY KEYS-----
[   66.675513] cloud-init[1719]: Cloud-init v. 19.2-36-g059d049c-0ubuntu2~16.04.1 running 'modules:final' at Wed, 23 Oct 2019 12:05:45 +0000. Up 65.77 seconds.
[   66.680716] cloud-init[1719]: ci-info: no authorized ssh keys fingerprints found for user ubuntu.
[   66.697147] cloud-init[1719]: Cloud-init v. 19.2-36-g059d049c-0ubuntu2~16.04.1 finished at Wed, 23 Oct 2019 12:05:46 +0000. Datasource DataSourceNoCloud [seed=/dev/sdb][dsmode=net].  Up 66.63 seconds
